
/home/runner/work/exp-heat-stability-of-vitamin-c-iitk/exp-heat-stability-of-vitamin-c-iitk/experiment/posttest.js
  18:12  warning  'letter' is not defined  no-undef
  22:75  warning  'letter' is not defined  no-undef
  23:15  warning  'letter' is not defined  no-undef
  24:39  warning  'letter' is not defined  no-undef

/home/runner/work/exp-heat-stability-of-vitamin-c-iitk/exp-heat-stability-of-vitamin-c-iitk/experiment/pretest.js
  18:12  warning  'letter' is not defined  no-undef
  22:75  warning  'letter' is not defined  no-undef
  23:15  warning  'letter' is not defined  no-undef
  24:39  warning  'letter' is not defined  no-undef

/home/runner/work/exp-heat-stability-of-vitamin-c-iitk/exp-heat-stability-of-vitamin-c-iitk/experiment/simulation/scripts/gsap.min.js
  10:83     warning  'exports' is not defined                                         no-undef
  10:125    warning  'define' is not defined                                          no-undef
  10:138    warning  'define' is not defined                                          no-undef
  10:14192  warning  Unnecessary escape character: \+                                 no-useless-escape
  10:14289  warning  Unnecessary escape character: \.                                 no-useless-escape
  10:21628  warning  Expected a conditional expression and instead saw an assignment  no-cond-assign
  10:36417  warning  Expected a conditional expression and instead saw an assignment  no-cond-assign
  10:46032  warning  'e' is defined but never used                                    no-unused-vars
  10:46357  warning  'e' is defined but never used                                    no-unused-vars
  10:46360  warning  'r' is defined but never used                                    no-unused-vars
  10:48303  warning  Expected a conditional expression and instead saw an assignment  no-cond-assign
  10:48360  warning  Expected a conditional expression and instead saw an assignment  no-cond-assign
  10:57184  warning  Empty block statement                                            no-empty
  10:60246  warning  Expected a conditional expression and instead saw an assignment  no-cond-assign
  10:64959  warning  Unnecessary escape character: \(                                 no-useless-escape
  10:67756  warning  Expected a conditional expression and instead saw an assignment  no-cond-assign
  10:67859  warning  Expected a conditional expression and instead saw an assignment  no-cond-assign

/home/runner/work/exp-heat-stability-of-vitamin-c-iitk/exp-heat-stability-of-vitamin-c-iitk/experiment/simulation/scripts/index.js
  10:10  warning  'toggleSidebar' is defined but never used         no-unused-vars
  12:9   warning  'gsap' is not defined                             no-undef
  18:9   warning  'gsap' is not defined                             no-undef
  26:10  warning  'next' is defined but never used                  no-unused-vars
  34:10  warning  'previous' is defined but never used              no-unused-vars
  42:10  warning  'addTask' is defined but never used               no-unused-vars
  81:10  warning  'pad' is defined but never used                   no-unused-vars
  87:5   warning  'beep' is assigned a value but never used         no-unused-vars
  88:5   warning  'humming' is assigned a value but never used      no-unused-vars
  89:5   warning  'hydrolics' is assigned a value but never used    no-unused-vars
  90:5   warning  'juicerSound' is assigned a value but never used  no-unused-vars

/home/runner/work/exp-heat-stability-of-vitamin-c-iitk/exp-heat-stability-of-vitamin-c-iitk/experiment/simulation/scripts/lottie.min.js
   2:41      warning  'define' is not defined                                                    no-undef
   3:9       warning  'define' is not defined                                                    no-undef
   6:46      warning  'module' is not defined                                                    no-undef
   7:9       warning  'module' is not defined                                                    no-undef
  13:152     warning  'isSafari' is assigned a value but never used                              no-unused-vars
  13:223     warning  'cachedColors' is assigned a value but never used                          no-unused-vars
  13:242     warning  'bm_rounder' is assigned a value but never used                            no-unused-vars
  13:267     warning  'bm_rnd' is assigned a value but never used                                no-unused-vars
  13:315     warning  'bm_abs' is assigned a value but never used                                no-unused-vars
  13:395     warning  'blitter' is assigned a value but never used                               no-unused-vars
  13:2387    warning  'BMAnimationConfigErrorEvent' is defined but never used                    no-unused-vars
  13:2479    warning  'currentTime' is not defined                                               no-undef
  13:14505   warning  Empty block statement                                                      no-empty
  13:17407   warning  Do not access Object.prototype method 'hasOwnProperty' from target object  no-prototype-builtins
  13:22275   warning  'e' is defined but never used                                              no-unused-vars
  13:26466   warning  'e' is defined but never used                                              no-unused-vars
  13:59757   warning  't' is defined but never used                                              no-unused-vars
  13:69117   warning  Expected a conditional expression and instead saw an assignment            no-cond-assign
  13:69439   warning  Expected a conditional expression and instead saw an assignment            no-cond-assign
  13:80375   warning  'Howl' is not defined                                                      no-undef
  13:80386   warning  'Howl' is not defined                                                      no-undef
  13:80867   warning  't' is defined but never used                                              no-unused-vars
  13:81630   warning  't' is defined but never used                                              no-unused-vars
  13:84409   warning  Empty block statement                                                      no-empty
  13:96554   warning  Do not access Object.prototype method 'hasOwnProperty' from target object  no-prototype-builtins
  13:105376  warning  'i' is defined but never used                                              no-unused-vars
  13:176937  warning  't' is defined but never used                                              no-unused-vars
  13:181932  warning  Expected a conditional expression and instead saw an assignment            no-cond-assign
  13:195666  warning  't' is defined but never used                                              no-unused-vars
  13:195669  warning  'e' is defined but never used                                              no-unused-vars
  13:195672  warning  'r' is defined but never used                                              no-unused-vars
  13:202235  warning  't' is defined but never used                                              no-unused-vars
  13:205874  warning  't' is defined but never used                                              no-unused-vars
  13:207537  warning  Expected a conditional expression and instead saw an assignment            no-cond-assign
  13:240537  warning  Do not access Object.prototype method 'hasOwnProperty' from target object  no-prototype-builtins
  13:255133  warning  'window' is assigned a value but never used                                no-unused-vars
  13:255148  warning  'document' is assigned a value but never used                              no-unused-vars
  13:255390  warning  '$bm_neg' is defined but never used                                        no-unused-vars
  13:256570  warning  'add' is assigned a value but never used                                   no-unused-vars
  13:258302  warning  '$bm_sum' is assigned a value but never used                               no-unused-vars
  13:258317  warning  '$bm_sub' is assigned a value but never used                               no-unused-vars
  13:258332  warning  '$bm_mul' is assigned a value but never used                               no-unused-vars
  13:258347  warning  '$bm_div' is assigned a value but never used                               no-unused-vars
  13:258362  warning  '$bm_mod' is assigned a value but never used                               no-unused-vars
  13:258386  warning  'clamp' is defined but never used                                          no-unused-vars
  13:258537  warning  'radians_to_degrees' is assigned a value but never used                    no-unused-vars
  13:258585  warning  'degreesToRadians' is defined but never used                               no-unused-vars
  13:258634  warning  'degrees_to_radians' is assigned a value but never used                    no-unused-vars
  13:258988  warning  'normalize' is defined but never used                                      no-unused-vars
  13:259039  warning  'rgbToHsl' is defined but never used                                       no-unused-vars
  13:259584  warning  'hslToRgb' is defined but never used                                       no-unused-vars
  13:259854  warning  'linear' is defined but never used                                         no-unused-vars
  13:260239  warning  'random' is defined but never used                                         no-unused-vars
  13:260609  warning  'createPath' is defined but never used                                     no-unused-vars
  13:261121  warning  '$bm_transform' is assigned a value but never used                         no-unused-vars
  13:261426  warning  'inPoint' is assigned a value but never used                               no-unused-vars
  13:261483  warning  'outPoint' is assigned a value but never used                              no-unused-vars
  13:261541  warning  'width' is assigned a value but never used                                 no-unused-vars
  13:261582  warning  'height' is assigned a value but never used                                no-unused-vars
  13:261624  warning  'name' is assigned a value but never used                                  no-unused-vars
  13:261689  warning  'toWorld' is assigned a value but never used                               no-unused-vars
  13:261698  warning  'fromWorld' is assigned a value but never used                             no-unused-vars
  13:261719  warning  'toComp' is assigned a value but never used                                no-unused-vars
  13:261727  warning  'fromCompToSurface' is assigned a value but never used                     no-unused-vars
  13:261746  warning  'position' is defined but never used                                       no-unused-vars
  13:261756  warning  'rotation' is defined but never used                                       no-unused-vars
  13:261766  warning  'anchorPoint' is assigned a value but never used                           no-unused-vars
  13:261779  warning  'scale' is defined but never used                                          no-unused-vars
  13:261797  warning  'thisComp' is assigned a value but never used                              no-unused-vars
  13:261807  warning  'mask' is assigned a value but never used                                  no-unused-vars
  13:262143  warning  'numKeys' is assigned a value but never used                               no-unused-vars
  13:262186  warning  'active' is assigned a value but never used                                no-unused-vars
  13:262230  warning  'wiggle' is assigned a value but never used                                no-unused-vars
  13:262745  warning  'loopInDuration' is defined but never used                                 no-unused-vars
  13:262803  warning  'loopOutDuration' is defined but never used                                no-unused-vars
  13:262927  warning  'loop_in' is assigned a value but never used                               no-unused-vars
  13:263022  warning  'loop_out' is assigned a value but never used                              no-unused-vars
  13:263067  warning  'smooth' is assigned a value but never used                                no-unused-vars
  13:263272  warning  'comp' is assigned a value but never used                                  no-unused-vars
  13:263368  warning  'velocity' is assigned a value but never used                              no-unused-vars
  13:263385  warning  'text' is assigned a value but never used                                  no-unused-vars
  13:263391  warning  'textIndex' is assigned a value but never used                             no-unused-vars
  13:263402  warning  'textTotal' is assigned a value but never used                             no-unused-vars
  13:263413  warning  'selectorValue' is assigned a value but never used                         no-unused-vars
  13:263437  warning  'lookAt' is defined but never used                                         no-unused-vars
  13:263635  warning  'easeOut' is defined but never used                                        no-unused-vars
  13:263715  warning  'easeIn' is defined but never used                                         no-unused-vars
  13:263793  warning  'ease' is defined but never used                                           no-unused-vars
  13:264192  warning  'nearestKey' is defined but never used                                     no-unused-vars
  13:264787  warning  'key' is defined but never used                                            no-unused-vars
  13:265021  warning  Do not access Object.prototype method 'hasOwnProperty' from target object  no-prototype-builtins
  13:265166  warning  'framesToTime' is defined but never used                                   no-unused-vars
  13:265254  warning  'timeToFrames' is defined but never used                                   no-unused-vars
  13:265429  warning  'sourceRectAtTime' is defined but never used                               no-unused-vars
  13:265492  warning  'substring' is defined but never used                                      no-unused-vars
  13:265618  warning  'substr' is defined but never used                                         no-unused-vars
  13:265735  warning  'posterizeTime' is defined but never used                                  no-unused-vars
  13:265833  warning  'index' is assigned a value but never used                                 no-unused-vars
  13:265856  warning  'hasParent' is assigned a value but never used                             no-unused-vars
  13:265966  warning  'globalData' is assigned a value but never used                            no-unused-vars
  13:268974  warning  'elem' is not defined                                                      no-undef
  13:270398  warning  'elem' is not defined                                                      no-undef
  13:273544  warning  't' is defined but never used                                              no-unused-vars
  13:293613  warning  'ProjectInterface' is already defined                                      no-redeclare
  13:296015  warning  't' is defined but never used                                              no-unused-vars
  13:298500  warning  'EffectsManager' is already defined                                        no-redeclare
  13:300533  warning  '_isFrozen' is assigned a value but never used                             no-unused-vars
  13:303249  warning  Unnecessary escape character: \?                                           no-useless-escape

/home/runner/work/exp-heat-stability-of-vitamin-c-iitk/exp-heat-stability-of-vitamin-c-iitk/experiment/simulation/scripts/step10.js
   3:10  warning  'platySegments10' is defined but never used  no-unused-vars
   4:10  warning  'task_done' is not defined                   no-undef
   6:13  warning  'lottie10' is not defined                    no-undef
   8:13  warning  'gsap' is not defined                        no-undef
   9:13  warning  'gsap' is not defined                        no-undef
  14:13  warning  'lottie10' is not defined                    no-undef
  16:13  warning  'gsap' is not defined                        no-undef
  17:13  warning  'gsap' is not defined                        no-undef
  22:13  warning  'lottie10' is not defined                    no-undef
  24:13  warning  'gsap' is not defined                        no-undef
  25:13  warning  'gsap' is not defined                        no-undef
  30:13  warning  'lottie10' is not defined                    no-undef
  32:13  warning  'gsap' is not defined                        no-undef
  33:13  warning  'gsap' is not defined                        no-undef
  34:17  warning  'task_done' is not defined                   no-undef
  35:17  warning  'addTask' is not defined                     no-undef

/home/runner/work/exp-heat-stability-of-vitamin-c-iitk/exp-heat-stability-of-vitamin-c-iitk/experiment/simulation/scripts/step11.js
   21:10   warning  'platySegments11' is defined but never used  no-unused-vars
   22:10   warning  'task_done' is not defined                   no-undef
   24:13   warning  'lottie11' is not defined                    no-undef
   26:13   warning  'gsap' is not defined                        no-undef
   27:13   warning  'gsap' is not defined                        no-undef
   34:13   warning  'lottie11' is not defined                    no-undef
   36:13   warning  'gsap' is not defined                        no-undef
   37:13   warning  'gsap' is not defined                        no-undef
   44:13   warning  'lottie11' is not defined                    no-undef
   46:13   warning  'gsap' is not defined                        no-undef
   47:13   warning  'gsap' is not defined                        no-undef
   55:13   warning  'lottie11' is not defined                    no-undef
   57:13   warning  'gsap' is not defined                        no-undef
   58:13   warning  'gsap' is not defined                        no-undef
   66:13   warning  'lottie11' is not defined                    no-undef
   68:13   warning  'gsap' is not defined                        no-undef
   69:13   warning  'gsap' is not defined                        no-undef
   77:13   warning  'lottie11' is not defined                    no-undef
   79:13   warning  'gsap' is not defined                        no-undef
   80:13   warning  'gsap' is not defined                        no-undef
   88:13   warning  'lottie11' is not defined                    no-undef
   90:13   warning  'gsap' is not defined                        no-undef
   91:13   warning  'gsap' is not defined                        no-undef
  100:10   warning  'startTitration2' is defined but never used  no-unused-vars
  103:13   warning  'lottie11' is not defined                    no-undef
  105:13   warning  'lottie11' is not defined                    no-undef
  107:13   warning  'lottie11' is not defined                    no-undef
  109:13   warning  'lottie11' is not defined                    no-undef
  113:41   warning  'selectedSample' is not defined              no-undef
  118:51   warning  'selectedSample' is not defined              no-undef
  120:51   warning  'selectedSample' is not defined              no-undef
  122:51   warning  'selectedSample' is not defined              no-undef
  124:51   warning  'selectedSample' is not defined              no-undef
  127:45   warning  'selectedSample' is not defined              no-undef
  128:17   warning  'gsap' is not defined                        no-undef
  129:43   warning  'selectedSample' is not defined              no-undef
  130:17   warning  'gsap' is not defined                        no-undef
  134:17   warning  'gsap' is not defined                        no-undef
  137:21   warning  'gsap' is not defined                        no-undef
  157:9    warning  'titrating' is not defined                   no-undef
  163:47   warning  'selectedSample' is not defined              no-undef
  165:47   warning  'selectedSample' is not defined              no-undef
  167:47   warning  'selectedSample' is not defined              no-undef
  169:47   warning  'selectedSample' is not defined              no-undef
  172:41   warning  'selectedSample' is not defined              no-undef
  173:13   warning  'gsap' is not defined                        no-undef
  174:13   warning  'gsap' is not defined                        no-undef
  177:17   warning  'gsap' is not defined                        no-undef
  178:91   warning  'selectedSample' is not defined              no-undef
  179:105  warning  'selectedSample' is not defined              no-undef
  179:123  warning  'dyeFactor' is not defined                   no-undef
  183:17   warning  'gsap' is not defined                        no-undef
  184:91   warning  'selectedSample' is not defined              no-undef
  185:105  warning  'selectedSample' is not defined              no-undef
  185:123  warning  'dyeFactor' is not defined                   no-undef
  189:17   warning  'gsap' is not defined                        no-undef
  190:91   warning  'selectedSample' is not defined              no-undef
  191:105  warning  'selectedSample' is not defined              no-undef
  191:123  warning  'dyeFactor' is not defined                   no-undef
  195:17   warning  'lottie11' is not defined                    no-undef
  197:17   warning  'task_done' is not defined                   no-undef
  198:17   warning  'addTask' is not defined                     no-undef
  200:91   warning  'selectedSample' is not defined              no-undef
  201:105  warning  'selectedSample' is not defined              no-undef
  201:123  warning  'dyeFactor' is not defined                   no-undef

/home/runner/work/exp-heat-stability-of-vitamin-c-iitk/exp-heat-stability-of-vitamin-c-iitk/experiment/simulation/scripts/step2.js
   1:15  warning  'bodymovin' is not defined                  no-undef
  11:10  warning  'platySegments2' is defined but never used  no-unused-vars
  12:10  warning  'task_done' is not defined                  no-undef
  16:13  warning  'gsap' is not defined                       no-undef
  17:13  warning  'gsap' is not defined                       no-undef
  24:13  warning  'gsap' is not defined                       no-undef
  25:13  warning  'gsap' is not defined                       no-undef
  26:17  warning  'task_done' is not defined                  no-undef
  27:17  warning  'addTask' is not defined                    no-undef

/home/runner/work/exp-heat-stability-of-vitamin-c-iitk/exp-heat-stability-of-vitamin-c-iitk/experiment/simulation/scripts/step3.js
   1:15  warning  'bodymovin' is not defined                  no-undef
  11:10  warning  'platySegments3' is defined but never used  no-unused-vars
  12:10  warning  'task_done' is not defined                  no-undef
  16:13  warning  'gsap' is not defined                       no-undef
  17:13  warning  'gsap' is not defined                       no-undef
  24:13  warning  'gsap' is not defined                       no-undef
  25:13  warning  'gsap' is not defined                       no-undef
  26:17  warning  'task_done' is not defined                  no-undef
  27:17  warning  'addTask' is not defined                    no-undef

/home/runner/work/exp-heat-stability-of-vitamin-c-iitk/exp-heat-stability-of-vitamin-c-iitk/experiment/simulation/scripts/step4.js
   1:15  warning  'bodymovin' is not defined                  no-undef
  19:10  warning  'platySegments4' is defined but never used  no-unused-vars
  24:13  warning  'gsap' is not defined                       no-undef
  25:13  warning  'gsap' is not defined                       no-undef
  32:13  warning  'gsap' is not defined                       no-undef
  33:13  warning  'gsap' is not defined                       no-undef
  40:13  warning  'gsap' is not defined                       no-undef
  41:13  warning  'gsap' is not defined                       no-undef
  48:13  warning  'gsap' is not defined                       no-undef
  49:13  warning  'gsap' is not defined                       no-undef
  56:10  warning  'startTitration' is defined but never used  no-unused-vars
  64:17  warning  'gsap' is not defined                       no-undef
  66:17  warning  'gsap' is not defined                       no-undef
  70:17  warning  'gsap' is not defined                       no-undef
  72:21  warning  'previous' is not defined                   no-undef
  73:21  warning  'previous' is not defined                   no-undef
  75:21  warning  'gsap' is not defined                       no-undef
  91:13  warning  'task_done' is not defined                  no-undef
  97:13  warning  'addTask' is not defined                    no-undef

/home/runner/work/exp-heat-stability-of-vitamin-c-iitk/exp-heat-stability-of-vitamin-c-iitk/experiment/simulation/scripts/step6.js
    4:5   warning  'lottie8' is assigned a value but never used   no-unused-vars
    5:5   warning  'lottie9' is assigned a value but never used   no-unused-vars
    7:5   warning  'lottie11' is assigned a value but never used  no-unused-vars
    8:10  warning  'selectSample' is defined but never used       no-unused-vars
   11:9   warning  'task_done' is not defined                     no-undef
   13:9   warning  'list' is not defined                          no-undef
   16:9   warning  'list' is not defined                          no-undef
   21:9   warning  'gsap' is not defined                          no-undef
   22:9   warning  'gsap' is not defined                          no-undef
   60:19  warning  'bodymovin' is not defined                     no-undef
   69:19  warning  'bodymovin' is not defined                     no-undef
   77:19  warning  'bodymovin' is not defined                     no-undef
   85:20  warning  'bodymovin' is not defined                     no-undef
   95:20  warning  'bodymovin' is not defined                     no-undef
  103:9   warning  'addTask' is not defined                       no-undef

/home/runner/work/exp-heat-stability-of-vitamin-c-iitk/exp-heat-stability-of-vitamin-c-iitk/experiment/simulation/scripts/step7.js
   3:10  warning  'platySegments7' is defined but never used  no-unused-vars
   4:10  warning  'task_done' is not defined                  no-undef
   6:13  warning  'lottie7' is not defined                    no-undef
   8:13  warning  'gsap' is not defined                       no-undef
   9:13  warning  'gsap' is not defined                       no-undef
  14:13  warning  'lottie7' is not defined                    no-undef
  16:13  warning  'gsap' is not defined                       no-undef
  17:13  warning  'gsap' is not defined                       no-undef
  22:13  warning  'lottie7' is not defined                    no-undef
  24:13  warning  'gsap' is not defined                       no-undef
  25:13  warning  'gsap' is not defined                       no-undef
  30:13  warning  'lottie7' is not defined                    no-undef
  32:13  warning  'gsap' is not defined                       no-undef
  33:13  warning  'gsap' is not defined                       no-undef
  34:17  warning  'task_done' is not defined                  no-undef
  35:17  warning  'addTask' is not defined                    no-undef

/home/runner/work/exp-heat-stability-of-vitamin-c-iitk/exp-heat-stability-of-vitamin-c-iitk/experiment/simulation/scripts/step8.js
    3:1   warning  'locked' is not defined                     no-undef
    4:1   warning  'machine_on' is not defined                 no-undef
    9:10  warning  'platySegments8' is defined but never used  no-unused-vars
   10:10  warning  'locked' is not defined                     no-undef
   12:13  warning  'lottie8' is not defined                    no-undef
   14:13  warning  'gsap' is not defined                       no-undef
   15:13  warning  'gsap' is not defined                       no-undef
   17:21  warning  'locked' is not defined                     no-undef
   18:21  warning  'machine_on' is not defined                 no-undef
   23:13  warning  'lottie8' is not defined                    no-undef
   25:13  warning  'gsap' is not defined                       no-undef
   26:13  warning  'gsap' is not defined                       no-undef
   28:21  warning  'locked' is not defined                     no-undef
   33:13  warning  'gsap' is not defined                       no-undef
   35:27  warning  'SteppedEase' is not defined                no-undef
   39:82  warning  'pad' is not defined                        no-undef
   44:13  warning  'lottie8' is not defined                    no-undef
   46:13  warning  'gsap' is not defined                       no-undef
   47:13  warning  'gsap' is not defined                       no-undef
   49:21  warning  'locked' is not defined                     no-undef
   53:17  warning  'obj' is already defined                    no-redeclare
   54:13  warning  'gsap' is not defined                       no-undef
   56:27  warning  'SteppedEase' is not defined                no-undef
   60:82  warning  'pad' is not defined                        no-undef
   65:13  warning  'lottie8' is not defined                    no-undef
   67:13  warning  'gsap' is not defined                       no-undef
   68:13  warning  'gsap' is not defined                       no-undef
   70:21  warning  'locked' is not defined                     no-undef
   71:21  warning  'task_done' is not defined                  no-undef
   72:21  warning  'addTask' is not defined                    no-undef
   76:17  warning  'obj' is already defined                    no-redeclare
   77:13  warning  'gsap' is not defined                       no-undef
   79:27  warning  'SteppedEase' is not defined                no-undef
   83:82  warning  'pad' is not defined                        no-undef
   90:10  warning  'incTemp' is defined but never used         no-unused-vars
   91:9   warning  'machine_on' is not defined                 no-undef
   93:72  warning  'pad' is not defined                        no-undef
   95:9   warning  'beep' is not defined                       no-undef
   99:10  warning  'decTemp' is defined but never used         no-unused-vars
  100:9   warning  'machine_on' is not defined                 no-undef
  102:72  warning  'pad' is not defined                        no-undef
  104:9   warning  'beep' is not defined                       no-undef
  108:10  warning  'set' is defined but never used             no-unused-vars
  109:9   warning  'machine_on' is not defined                 no-undef
  112:13  warning  'gsap' is not defined                       no-undef
  114:13  warning  'locked' is not defined                     no-undef
  116:13  warning  'gsap' is not defined                       no-undef
  118:13  warning  'locked' is not defined                     no-undef
  121:13  warning  'gsap' is not defined                       no-undef
  123:13  warning  'locked' is not defined                     no-undef
  128:13  warning  'gsap' is not defined                       no-undef
  130:27  warning  'SteppedEase' is not defined                no-undef
  133:84  warning  'pad' is not defined                        no-undef
  140:9   warning  'beep' is not defined                       no-undef

/home/runner/work/exp-heat-stability-of-vitamin-c-iitk/exp-heat-stability-of-vitamin-c-iitk/experiment/simulation/scripts/step9.js
   3:10  warning  'platySegments9' is defined but never used  no-unused-vars
   4:10  warning  'task_done' is not defined                  no-undef
   6:13  warning  'lottie9' is not defined                    no-undef
   8:13  warning  'gsap' is not defined                       no-undef
   9:13  warning  'gsap' is not defined                       no-undef
  14:13  warning  'lottie9' is not defined                    no-undef
  16:13  warning  'gsap' is not defined                       no-undef
  17:13  warning  'gsap' is not defined                       no-undef
  22:13  warning  'lottie9' is not defined                    no-undef
  24:13  warning  'gsap' is not defined                       no-undef
  25:13  warning  'gsap' is not defined                       no-undef
  30:13  warning  'lottie9' is not defined                    no-undef
  32:13  warning  'gsap' is not defined                       no-undef
  33:13  warning  'gsap' is not defined                       no-undef
  34:17  warning  'task_done' is not defined                  no-undef
  35:17  warning  'addTask' is not defined                    no-undef

✖ 363 problems (0 errors, 363 warnings)

